<?xml version="1.0" encoding="UTF-8"?>
<testng-results ignored="0" total="2" passed="2" failed="0" skipped="0">
  <reporter-output>
  </reporter-output>
  <suite started-at="2025-04-04T12:53:59 IST" name="Suite" finished-at="2025-04-04T12:54:15 IST" duration-ms="15402">
    <groups>
      <group name="Master">
        <method signature="TC001_AccountRegistrationTest.Verify_account_registration()[pri:0, instance:testCases.TC001_AccountRegistrationTest@6a55299e]" name="Verify_account_registration" class="testCases.TC001_AccountRegistrationTest"/>
        <method signature="TS002_AccountLoginTest.verify_login()[pri:0, instance:testCases.TS002_AccountLoginTest@289710d9]" name="verify_login" class="testCases.TS002_AccountLoginTest"/>
      </group> <!-- Master -->
      <group name="Sanity">
        <method signature="TS002_AccountLoginTest.verify_login()[pri:0, instance:testCases.TS002_AccountLoginTest@289710d9]" name="verify_login" class="testCases.TS002_AccountLoginTest"/>
      </group> <!-- Sanity -->
      <group name="Regression">
        <method signature="TC001_AccountRegistrationTest.Verify_account_registration()[pri:0, instance:testCases.TC001_AccountRegistrationTest@6a55299e]" name="Verify_account_registration" class="testCases.TC001_AccountRegistrationTest"/>
      </group> <!-- Regression -->
    </groups>
    <test started-at="2025-04-04T12:53:59 IST" name="Test" finished-at="2025-04-04T12:54:15 IST" duration-ms="15402">
      <class name="testCases.TS002_AccountLoginTest">
        <test-method is-config="true" signature="setup(java.lang.String,java.lang.String)[pri:0, instance:testCases.TS002_AccountLoginTest@289710d9]" started-at="2025-04-04T12:54:11 IST" name="setup" finished-at="2025-04-04T12:54:13 IST" duration-ms="2283" status="PASS">
          <params>
            <param index="0">
              <value>
                <![CDATA[Linux]]>
              </value>
            </param>
            <param index="1">
              <value>
                <![CDATA[chrome]]>
              </value>
            </param>
          </params>
          <reporter-output>
          </reporter-output>
        </test-method> <!-- setup -->
        <test-method signature="verify_login()[pri:0, instance:testCases.TS002_AccountLoginTest@289710d9]" started-at="2025-04-04T12:54:13 IST" name="verify_login" finished-at="2025-04-04T12:54:14 IST" duration-ms="1524" status="PASS">
          <reporter-output>
          </reporter-output>
        </test-method> <!-- verify_login -->
        <test-method is-config="true" signature="teardown()[pri:0, instance:testCases.TS002_AccountLoginTest@289710d9]" started-at="2025-04-04T12:54:14 IST" name="teardown" finished-at="2025-04-04T12:54:15 IST" duration-ms="166" status="PASS">
          <reporter-output>
          </reporter-output>
        </test-method> <!-- teardown -->
      </class> <!-- testCases.TS002_AccountLoginTest -->
      <class name="testCases.TC001_AccountRegistrationTest">
        <test-method is-config="true" signature="setup(java.lang.String,java.lang.String)[pri:0, instance:testCases.TC001_AccountRegistrationTest@6a55299e]" started-at="2025-04-04T12:53:59 IST" name="setup" finished-at="2025-04-04T12:54:02 IST" duration-ms="2525" status="PASS">
          <params>
            <param index="0">
              <value>
                <![CDATA[Linux]]>
              </value>
            </param>
            <param index="1">
              <value>
                <![CDATA[chrome]]>
              </value>
            </param>
          </params>
          <reporter-output>
          </reporter-output>
        </test-method> <!-- setup -->
        <test-method signature="Verify_account_registration()[pri:0, instance:testCases.TC001_AccountRegistrationTest@6a55299e]" started-at="2025-04-04T12:54:02 IST" name="Verify_account_registration" finished-at="2025-04-04T12:54:10 IST" duration-ms="8389" status="PASS">
          <reporter-output>
          </reporter-output>
        </test-method> <!-- Verify_account_registration -->
        <test-method is-config="true" signature="teardown()[pri:0, instance:testCases.TC001_AccountRegistrationTest@6a55299e]" started-at="2025-04-04T12:54:10 IST" name="teardown" finished-at="2025-04-04T12:54:11 IST" duration-ms="254" status="PASS">
          <reporter-output>
          </reporter-output>
        </test-method> <!-- teardown -->
      </class> <!-- testCases.TC001_AccountRegistrationTest -->
    </test> <!-- Test -->
  </suite> <!-- Suite -->
</testng-results>
